# JRE version: Java(TM) SE Runtime Environment 18.9 (11.0.20+9) (build 11.0.20+9-LTS-256)
# Java VM: Java HotSpot(TM) 64-Bit Server VM 18.9 (11.0.20+9-LTS-256, mixed mode, tiered, compressed oops, g1 gc, windows-amd64)
Heap:
 garbage-first heap   total 157696K, used 15635K [0x0000000081c00000, 0x0000000100000000)
  region size 1024K, 6 young (6144K), 6 survivors (6144K)
 Metaspace       used 34365K, capacity 35693K, committed 35840K, reserved 1081344K
  class space    used 4558K, capacity 5139K, committed 5248K, reserved 1048576K
GC Heap History (9 events):
Event: 1.917 GC heap before
{Heap before GC invocations=0 (full 0):
 garbage-first heap   total 131072K, used 13312K [0x0000000081c00000, 0x0000000100000000)
  region size 1024K, 14 young (14336K), 0 survivors (0K)
 Metaspace       used 10991K, capacity 11287K, committed 11520K, reserved 1058816K
  class space    used 1047K, capacity 1159K, committed 1280K, reserved 1048576K
}
Event: 1.929 GC heap after
{Heap after GC invocations=1 (full 0):
 garbage-first heap   total 131072K, used 3170K [0x0000000081c00000, 0x0000000100000000)
  region size 1024K, 2 young (2048K), 2 survivors (2048K)
 Metaspace       used 10991K, capacity 11287K, committed 11520K, reserved 1058816K
  class space    used 1047K, capacity 1159K, committed 1280K, reserved 1048576K
}
Event: 3.297 GC heap before
{Heap before GC invocations=1 (full 0):
 garbage-first heap   total 131072K, used 24674K [0x0000000081c00000, 0x0000000100000000)
  region size 1024K, 24 young (24576K), 2 survivors (2048K)
 Metaspace       used 17940K, capacity 18363K, committed 18560K, reserved 1064960K
  class space    used 2127K, capacity 2336K, committed 2432K, reserved 1048576K
}
Event: 3.308 GC heap after
{Heap after GC invocations=2 (full 0):
 garbage-first heap   total 131072K, used 6262K [0x0000000081c00000, 0x0000000100000000)
  region size 1024K, 3 young (3072K), 3 survivors (3072K)
 Metaspace       used 17940K, capacity 18363K, committed 18560K, reserved 1064960K
  class space    used 2127K, capacity 2336K, committed 2432K, reserved 1048576K
}
Event: 4.104 GC heap before
{Heap before GC invocations=2 (full 0):
 garbage-first heap   total 131072K, used 13430K [0x0000000081c00000, 0x0000000100000000)
  region size 1024K, 11 young (11264K), 3 survivors (3072K)
 Metaspace       used 20502K, capacity 21139K, committed 21248K, reserved 1067008K
  class space    used 2463K, capacity 2749K, committed 2816K, reserved 1048576K
}
Event: 4.116 GC heap after
{Heap after GC invocations=3 (full 0):
 garbage-first heap   total 131072K, used 7906K [0x0000000081c00000, 0x0000000100000000)
  region size 1024K, 2 young (2048K), 2 survivors (2048K)
 Metaspace       used 20502K, capacity 21139K, committed 21248K, reserved 1067008K
  class space    used 2463K, capacity 2749K, committed 2816K, reserved 1048576K
}
Event: 7.256 GC heap before
{Heap before GC invocations=4 (full 0):
 garbage-first heap   total 131072K, used 36578K [0x0000000081c00000, 0x0000000100000000)
  region size 1024K, 31 young (31744K), 2 survivors (2048K)
 Metaspace       used 32270K, capacity 33424K, committed 33536K, reserved 1079296K
  class space    used 4268K, capacity 4775K, committed 4864K, reserved 1048576K
}
Event: 7.272 GC heap after
{Heap after GC invocations=5 (full 0):
 garbage-first heap   total 131072K, used 12092K [0x0000000081c00000, 0x0000000100000000)
  region size 1024K, 4 young (4096K), 4 survivors (4096K)
 Metaspace       used 32270K, capacity 33424K, committed 33536K, reserved 1079296K
  class space    used 4268K, capacity 4775K, committed 4864K, reserved 1048576K
}
Event: 8.024 GC heap before
{Heap before GC invocations=5 (full 0):
 garbage-first heap   total 131072K, used 23356K [0x0000000081c00000, 0x0000000100000000)
  region size 1024K, 14 young (14336K), 4 survivors (4096K)
 Metaspace       used 34365K, capacity 35693K, committed 35840K, reserved 1081344K
  class space    used 4558K, capacity 5139K, committed 5248K, reserved 1048576K
}

